1600242200216	mozrunner::runner	INFO	Running command: "C:\\Program Files\\Mozilla Firefox\\firefox.exe" "-marionette" "-foreground" "-no-remote" "-profile" "C:\\Users\\ns4538\\AppData\\Local\\Temp\\rust_mozprofile0jTWrU"
console.error: SearchCache: "_readCacheFile: Error reading cache file:" (new Error("", "(unknown module)"))
JavaScript error: resource://gre/modules/XULStore.jsm, line 66: Error: Can't find profile directory.
1600242210341	Marionette	INFO	Listening on port 56740
1600242210693	Marionette	WARN	TLS certificate errors will be ignored for this session
JavaScript error: resource://gre/modules/URIFixup.jsm, line 271: NS_ERROR_FAILURE: Should pass a non-null uri
1600242223550	mozrunner::runner	INFO	Running command: "C:\\Program Files\\Mozilla Firefox\\firefox.exe" "-marionette" "-foreground" "-no-remote" "-profile" "C:\\Users\\ns4538\\AppData\\Local\\Temp\\rust_mozprofilem02KwP"
console.error: SearchCache: "_readCacheFile: Error reading cache file:" (new Error("", "(unknown module)"))
JavaScript error: resource://gre/modules/XULStore.jsm, line 66: Error: Can't find profile directory.
1600242227852	Marionette	INFO	Listening on port 56824
1600242227893	Marionette	WARN	TLS certificate errors will be ignored for this session
JavaScript error: resource://gre/modules/URIFixup.jsm, line 271: NS_ERROR_FAILURE: Should pass a non-null uri
JavaScript error: , line 0: uncaught exception: Object

###!!! [Child][RunMessage] Error: Channel closing: too late to send/recv, messages will be lost

1600246686349	Marionette	INFO	Stopped listening on port 56824

###!!! [Child][MessageChannel::SendAndWait] Error: Channel error: cannot send/recv

eadCacheFile: Error reading cache file:" (new Error("", "(unknown module)"))
JavaScript error: resource://gre/modules/XULStore.jsm, line 66: Error: Can't find profile directory.
1600242377059	Marionette	INFO	Listening on port 57027
1600242377358	Marionette	WARN	TLS certificate errors will be ignored for this session
JavaScript error: resource://gre/modules/URIFixup.jsm, line 271: NS_ERROR_FAILURE: Should pass a non-null uri
JavaScript error: , line 0: uncaught exception: Object

###!!! [Child][RunMessage] Error: Channel closing: too late to send/recv, messages will be lost

1600246687014	Marionette	INFO	Stopped listening on port 57027

###!!! [Child][RunMessage] Error: Channel closing: too late to send/recv, messages will be lost


###!!! [Child][MessageChannel::SendAndWait] Error: Channel error: cannot send/recv

rce://gre/modules/XULStore.jsm, line 66: Error: Can't find profile directory.
1600242449543	Marionette	INFO	Listening on port 57159
1600242449741	Marionette	WARN	TLS certificate errors will be ignored for this session
JavaScript error: resource://gre/modules/URIFixup.jsm, line 271: NS_ERROR_FAILURE: Should pass a non-null uri
JavaScript error: , line 0: uncaught exception: Object
1600246686665	Marionette	INFO	Stopped listening on port 57159

###!!! [Child][MessageChannel::SendAndWait] Error: Channel error: cannot send/recv

ile" "C:\\Users\\ns4538\\AppData\\Local\\Temp\\rust_mozprofilexCO74H"
console.error: SearchCache: "_readCacheFile: Error reading cache file:" (new Error("", "(unknown module)"))
JavaScript error: resource://gre/modules/XULStore.jsm, line 66: Error: Can't find profile directory.
1600242759991	Marionette	INFO	Listening on port 57547
1600242760452	Marionette	WARN	TLS certificate errors will be ignored for this session
JavaScript error: resource://gre/modules/URIFixup.jsm, line 271: NS_ERROR_FAILURE: Should pass a non-null uri
JavaScript error: , line 0: uncaught exception: Object
1600246686664	Marionette	INFO	Stopped listening on port 57547

###!!! [Child][MessageChannel::SendAndWait] Error: Channel error: cannot send/recv

ile" "C:\\Users\\ns4538\\AppData\\Local\\Temp\\rust_mozprofile762ni4"
console.error: SearchCache: "_readCacheFile: Error reading cache file:" (new Error("", "(unknown module)"))
JavaScript error: resource://gre/modules/XULStore.jsm, line 66: Error: Can't find profile directory.
1600245399436	Marionette	INFO	Listening on port 60633
1600245399902	Marionette	WARN	TLS certificate errors will be ignored for this session
JavaScript error: resource://gre/modules/URIFixup.jsm, line 271: NS_ERROR_FAILURE: Should pass a non-null uri
JavaScript error: , line 0: uncaught exception: Object
1600246686687	Marionette	INFO	Stopped listening on port 60633

###!!! [Child][MessageChannel::SendAndWait] Error: Channel error: cannot send/recv

ile" "C:\\Users\\ns4538\\AppData\\Local\\Temp\\rust_mozprofileUOteCE"
console.error: SearchCache: "_readCacheFile: Error reading cache file:" (new Error("", "(unknown module)"))
JavaScript error: resource://gre/modules/XULStore.jsm, line 66: Error: Can't find profile directory.
1600245458236	Marionette	INFO	Listening on port 60750
1600245458442	Marionette	WARN	TLS certificate errors will be ignored for this session
JavaScript error: resource://gre/modules/URIFixup.jsm, line 271: NS_ERROR_FAILURE: Should pass a non-null uri
JavaScript error: , line 0: uncaught exception: Object

###!!! [Child][RunMessage] Error: Channel closing: too late to send/recv, messages will be lost

1600246686297	Marionette	INFO	Stopped listening on port 60750
rs\\ns4538\\AppData\\Local\\Temp\\rust_mozprofile9mX40H"
console.error: SearchCache: "_readCacheFile: Error reading cache file:" (new Error("", "(unknown module)"))
JavaScript error: resource://gre/modules/XULStore.jsm, line 66: Error: Can't find profile directory.
1600245532929	Marionette	INFO	Listening on port 60895
1600245532935	Marionette	WARN	TLS certificate errors will be ignored for this session
JavaScript error: resource://gre/modules/URIFixup.jsm, line 271: NS_ERROR_FAILURE: Should pass a non-null uri
JavaScript error: , line 0: uncaught exception: Object
1600246686345	Marionette	INFO	Stopped listening on port 60895

###!!! [Child][MessageChannel::SendAndWait] Error: Channel error: cannot send/recv

ile" "C:\\Users\\ns4538\\AppData\\Local\\Temp\\rust_mozprofileA946JM"
console.error: SearchCache: "_readCacheFile: Error reading cache file:" (new Error("", "(unknown module)"))
JavaScript error: resource://gre/modules/XULStore.jsm, line 66: Error: Can't find profile directory.
1600245619196	Marionette	INFO	Listening on port 61049
1600245619379	Marionette	WARN	TLS certificate errors will be ignored for this session
JavaScript error: resource://gre/modules/URIFixup.jsm, line 271: NS_ERROR_FAILURE: Should pass a non-null uri
JavaScript error: , line 0: uncaught exception: Object

###!!! [Child][RunMessage] Error: Channel closing: too late to send/recv, messages will be lost

1600246686345	Marionette	INFO	Stopped listening on port 61049

###!!! [Child][MessageChannel::SendAndWait] Error: Channel error: cannot send/recv

eadCacheFile: Error reading cache file:" (new Error("", "(unknown module)"))
JavaScript error: resource://gre/modules/XULStore.jsm, line 66: Error: Can't find profile directory.
1600245769843	Marionette	INFO	Listening on port 61250
1600245770061	Marionette	WARN	TLS certificate errors will be ignored for this session
JavaScript error: resource://gre/modules/URIFixup.jsm, line 271: NS_ERROR_FAILURE: Should pass a non-null uri
JavaScript error: , line 0: uncaught exception: Object

###!!! [Child][RunMessage] Error: Channel closing: too late to send/recv, messages will be lost

1600246686320	Marionette	INFO	Stopped listening on port 61250

###!!! [Child][MessageChannel::SendAndWait] Error: Channel error: cannot send/recv

eadCacheFile: Error reading cache file:" (new Error("", "(unknown module)"))
JavaScript error: resource://gre/modules/XULStore.jsm, line 66: Error: Can't find profile directory.
1600245832620	Marionette	INFO	Listening on port 61382
1600245833014	Marionette	WARN	TLS certificate errors will be ignored for this session
JavaScript error: resource://gre/modules/URIFixup.jsm, line 271: NS_ERROR_FAILURE: Should pass a non-null uri

###!!! [Child][RunMessage] Error: Channel closing: too late to send/recv, messages will be lost

1600246686173	Marionette	INFO	Stopped listening on port 61382

###!!! [Child][RunMessage] Error: Channel closing: too late to send/recv, messages will be lost


###!!! [Child][MessageChannel::SendAndWait] Error: Channel error: cannot send/recv

rce://gre/modules/XULStore.jsm, line 66: Error: Can't find profile directory.
1600245997264	Marionette	INFO	Listening on port 61648
1600245997314	Marionette	WARN	TLS certificate errors will be ignored for this session
JavaScript error: resource://gre/modules/URIFixup.jsm, line 271: NS_ERROR_FAILURE: Should pass a non-null uri
JavaScript error: resource://gre/actors/AutoCompleteChild.jsm, line 208: Error: Invalid autocomplete selectedIndex
1600246686798	Marionette	INFO	Stopped listening on port 61648

###!!! [Child][MessageChannel::SendAndWait] Error: Channel error: cannot send/recv

ile" "C:\\Users\\ns4538\\AppData\\Local\\Temp\\rust_mozprofilee4TZ4B"
console.error: SearchCache: "_readCacheFile: Error reading cache file:" (new Error("", "(unknown module)"))
JavaScript error: resource://gre/modules/XULStore.jsm, line 66: Error: Can't find profile directory.
1600246189837	Marionette	INFO	Listening on port 61970
1600246189917	Marionette	WARN	TLS certificate errors will be ignored for this session
JavaScript error: resource://gre/modules/URIFixup.jsm, line 271: NS_ERROR_FAILURE: Should pass a non-null uri
JavaScript error: resource://gre/actors/AutoCompleteChild.jsm, line 208: Error: Invalid autocomplete selectedIndex
1600246212716	Marionette	INFO	Stopped listening on port 61970

###!!! [Child][RunMessage] Error: Channel closing: too late to send/recv, messages will be lost


###!!! [Child][MessageChannel::SendAndWait] Error: Channel error: cannot send/recv

1600246228331	mozrunner::runner	INFO	Running command: "C:\\Program Files\\Mozilla Firefox\\firefox.exe" "-marionette" "-foreground" "-no-remote" "-profile" "C:\\Users\\ns4538\\AppData\\Local\\Temp\\rust_mozprofileGTIZ7D"
console.error: SearchCache: "_readCacheFile: Error reading cache file:" (new Error("", "(unknown module)"))
JavaScript error: resource://gre/modules/XULStore.jsm, line 66: Error: Can't find profile directory.
1600246232805	Marionette	INFO	Listening on port 62082
1600246233264	Marionette	WARN	TLS certificate errors will be ignored for this session
JavaScript error: resource://gre/modules/URIFixup.jsm, line 271: NS_ERROR_FAILURE: Should pass a non-null uri
JavaScript error: resource://gre/actors/AutoCompleteChild.jsm, line 208: Error: Invalid autocomplete selectedIndex
1600246252485	Marionette	INFO	Stopped listening on port 62082
JavaScript error: resource://gre/modules/UrlClassifierListManager.jsm, line 691: TypeError: this.tablesData[table] is undefined

###!!! [Child][RunMessage] Error: Channel closing: too late to send/recv, messages will be lost


###!!! [Child][MessageChannel::SendAndWait] Error: Channel error: cannot send/recv

1600246273410	mozrunner::runner	INFO	Running command: "C:\\Program Files\\Mozilla Firefox\\firefox.exe" "-marionette" "-foreground" "-no-remote" "-profile" "C:\\Users\\ns4538\\AppData\\Local\\Temp\\rust_mozprofiled4TqNM"
console.error: SearchCache: "_readCacheFile: Error reading cache file:" (new Error("", "(unknown module)"))
JavaScript error: resource://gre/modules/XULStore.jsm, line 66: Error: Can't find profile directory.
1600246277902	Marionette	INFO	Listening on port 62265
1600246278353	Marionette	WARN	TLS certificate errors will be ignored for this session
JavaScript error: resource://gre/modules/URIFixup.jsm, line 271: NS_ERROR_FAILURE: Should pass a non-null uri
JavaScript error: resource://gre/actors/AutoCompleteChild.jsm, line 208: Error: Invalid autocomplete selectedIndex
1600246298773	Marionette	INFO	Stopped listening on port 62265

###!!! [Child][RunMessage] Error: Channel closing: too late to send/recv, messages will be lost


###!!! [Child][MessageChannel::SendAndWait] Error: Channel error: cannot send/recv

1600246334614	mozrunner::runner	INFO	Running command: "C:\\Program Files\\Mozilla Firefox\\firefox.exe" "-marionette" "-foreground" "-no-remote" "-profile" "C:\\Users\\ns4538\\AppData\\Local\\Temp\\rust_mozprofilesr4Ftx"
console.error: SearchCache: "_readCacheFile: Error reading cache file:" (new Error("", "(unknown module)"))
JavaScript error: resource://gre/modules/XULStore.jsm, line 66: Error: Can't find profile directory.
1600246338647	Marionette	INFO	Listening on port 62413
1600246338952	Marionette	WARN	TLS certificate errors will be ignored for this session
JavaScript error: resource://gre/modules/URIFixup.jsm, line 271: NS_ERROR_FAILURE: Should pass a non-null uri
JavaScript error: resource://gre/actors/AutoCompleteChild.jsm, line 208: Error: Invalid autocomplete selectedIndex
1600246361465	Marionette	INFO	Stopped listening on port 62413

###!!! [Child][RunMessage] Error: Channel closing: too late to send/recv, messages will be lost


###!!! [Child][MessageChannel::SendAndWait] Error: Channel error: cannot send/recv

1600323632959	mozrunner::runner	INFO	Running command: "C:\\Program Files\\Mozilla Firefox\\firefox.exe" "-marionette" "-foreground" "-no-remote" "-profile" "C:\\Users\\ns4538\\AppData\\Local\\Temp\\rust_mozprofileNjJiMk"
console.error: SearchCache: "_readCacheFile: Error reading cache file:" (new Error("", "(unknown module)"))
JavaScript error: resource://gre/modules/XULStore.jsm, line 66: Error: Can't find profile directory.
1600323643350	Marionette	INFO	Listening on port 52350
1600323643443	Marionette	WARN	TLS certificate errors will be ignored for this session
JavaScript error: resource://gre/modules/URIFixup.jsm, line 271: NS_ERROR_FAILURE: Should pass a non-null uri
JavaScript error: resource://gre/actors/AutoCompleteChild.jsm, line 208: Error: Invalid autocomplete selectedIndex
1600323657961	Marionette	INFO	Stopped listening on port 52350

###!!! [Child][RunMessage] Error: Channel closing: too late to send/recv, messages will be lost


###!!! [Child][MessageChannel::SendAndWait] Error: Channel error: cannot send/recv

